<?xml version="1.0" encoding="UTF-8"?>
<!-- Generated by org.testng.reporters.JUnitReportReporter -->
<testsuite hostname="DESKTOP-D70FMU1" failures="0" tests="3" name="com.sample.test.demo.tests.Assinment" time="19.184" errors="0" timestamp="31 Jan 2022 18:32:02 GMT" skipped="0">
  <testcase classname="com.sample.test.demo.tests.Assinment" name="testcase_02_place_the_pizza_order_using_credit_card_payment" time="6.900"/>
  <testcase classname="com.sample.test.demo.tests.Assinment" name="testcase_03_place_the_pizza_order_using_cash_on_pickup_option" time="9.032"/>
  <testcase classname="com.sample.test.demo.tests.Assinment" name="testcase_01_verify_error_messeges" time="3.252"/>
</testsuite> <!-- com.sample.test.demo.tests.Assinment -->
